[    0.000000] Initializing cgroup subsys cpuset
[    0.000000] Initializing cgroup subsys cpu
[    0.000000] Initializing cgroup subsys cpuacct
[    0.000000] Linux version 4.4.0-210-generic (buildd@lgw01-amd64-009) (gcc version 5.4.0 20160609 (Ubuntu 5.4.0-6ubuntu1~16.04.12) ) #242-Ubuntu SMP Fri Apr 16 09:57:56 UTC 2021 (Ubuntu 4.4.0-210.242-generic 4.4.262)
[    0.000000] Command line: BOOT_IMAGE=/boot/vmlinuz-4.4.0-210-generic root=LABEL=cloudimg-rootfs ro console=tty1 console=ttyS0
[    0.000000] KERNEL supported cpus:
[    0.000000]   Intel GenuineIntel
[    0.000000]   AMD AuthenticAMD
[    0.000000]   Centaur CentaurHauls
[    0.000000] x86/fpu: xstate_offset[2]:  576, xstate_sizes[2]:  256
[    0.000000] x86/fpu: Supporting XSAVE feature 0x01: 'x87 floating point registers'
[    0.000000] x86/fpu: Supporting XSAVE feature 0x02: 'SSE registers'
[    0.000000] x86/fpu: Supporting XSAVE feature 0x04: 'AVX registers'
[    0.000000] x86/fpu: Enabled xstate features 0x7, context size is 832 bytes, using 'standard' format.
[    0.000000] e820: BIOS-provided physical RAM map:
[    0.000000] BIOS-e820: [mem 0x0000000000000000-0x000000000009fbff] usable
[    0.000000] BIOS-e820: [mem 0x000000000009fc00-0x000000000009ffff] reserved
[    0.000000] BIOS-e820: [mem 0x00000000000f0000-0x00000000000fffff] reserved
[    0.000000] BIOS-e820: [mem 0x0000000000100000-0x000000003ffeffff] usable
[    0.000000] BIOS-e820: [mem 0x000000003fff0000-0x000000003fffffff] ACPI data
[    0.000000] BIOS-e820: [mem 0x00000000fec00000-0x00000000fec00fff] reserved
[    0.000000] BIOS-e820: [mem 0x00000000fee00000-0x00000000fee00fff] reserved
[    0.000000] BIOS-e820: [mem 0x00000000fffc0000-0x00000000ffffffff] reserved
[    0.000000] NX (Execute Disable) protection: active
[    0.000000] SMBIOS 2.5 present.
[    0.000000] Hypervisor detected: KVM
[    0.000000] e820: last_pfn = 0x3fff0 max_arch_pfn = 0x400000000
[    0.000000] MTRR: Disabled
[    0.000000] x86/PAT: MTRRs disabled, skipping PAT initialization too.
[    0.000000] CPU MTRRs all blank - virtualized system.
[    0.000000] x86/PAT: Configuration [0-7]: WB  WT  UC- UC  WB  WT  UC- UC  
[    0.000000] found SMP MP-table at [mem 0x0009fff0-0x0009ffff] mapped at [ffff88000009fff0]
[    0.000000] Scanning 1 areas for low memory corruption
[    0.000000] RAMDISK: [mem 0x362dc000-0x37165fff]
[    0.000000] ACPI: Early table checksum verification disabled
[    0.000000] ACPI: RSDP 0x00000000000E0000 000024 (v02 VBOX  )
[    0.000000] ACPI: XSDT 0x000000003FFF0030 00003C (v01 VBOX   VBOXXSDT 00000001 ASL  00000061)
[    0.000000] ACPI: FACP 0x000000003FFF00F0 0000F4 (v04 VBOX   VBOXFACP 00000001 ASL  00000061)
[    0.000000] ACPI: DSDT 0x000000003FFF0470 002325 (v02 VBOX   VBOXBIOS 00000002 INTL 20120111)
[    0.000000] ACPI: FACS 0x000000003FFF0200 000040
[    0.000000] ACPI: FACS 0x000000003FFF0200 000040
[    0.000000] ACPI: APIC 0x000000003FFF0240 00005C (v02 VBOX   VBOXAPIC 00000001 ASL  00000061)
[    0.000000] ACPI: SSDT 0x000000003FFF02A0 0001CC (v01 VBOX   VBOXCPUT 00000002 INTL 20120111)
[    0.000000] No NUMA configuration found
[    0.000000] Faking a node at [mem 0x0000000000000000-0x000000003ffeffff]
[    0.000000] NODE_DATA(0) allocated [mem 0x3ffeb000-0x3ffeffff]
[    0.000000] kvm-clock: Using msrs 4b564d01 and 4b564d00
[    0.000000] kvm-clock: cpu 0, msr 0:3ffe3001, primary cpu clock
[    0.000000] kvm-clock: using sched offset of 10173880685 cycles
[    0.000000] clocksource: kvm-clock: mask: 0xffffffffffffffff max_cycles: 0x1cd42e4dffb, max_idle_ns: 881590591483 ns
[    0.000000] Zone ranges:
[    0.000000]   DMA      [mem 0x0000000000001000-0x0000000000ffffff]
[    0.000000]   DMA32    [mem 0x0000000001000000-0x000000003ffeffff]
[    0.000000]   Normal   empty
[    0.000000]   Device   empty
[    0.000000] Movable zone start for each node
[    0.000000] Early memory node ranges
[    0.000000]   node   0: [mem 0x0000000000001000-0x000000000009efff]
[    0.000000]   node   0: [mem 0x0000000000100000-0x000000003ffeffff]
[    0.000000] Initmem setup node 0 [mem 0x0000000000001000-0x000000003ffeffff]
[    0.000000] ACPI: PM-Timer IO Port: 0x4008
[    0.000000] IOAPIC[0]: apic_id 2, version 32, address 0xfec00000, GSI 0-23
[    0.000000] ACPI: INT_SRC_OVR (bus 0 bus_irq 0 global_irq 2 dfl dfl)
[    0.000000] ACPI: INT_SRC_OVR (bus 0 bus_irq 9 global_irq 9 low level)
[    0.000000] Using ACPI (MADT) for SMP configuration information
[    0.000000] smpboot: Allowing 2 CPUs, 0 hotplug CPUs
[    0.000000] PM: Registered nosave memory: [mem 0x00000000-0x00000fff]
[    0.000000] PM: Registered nosave memory: [mem 0x0009f000-0x0009ffff]
[    0.000000] PM: Registered nosave memory: [mem 0x000a0000-0x000effff]
[    0.000000] PM: Registered nosave memory: [mem 0x000f0000-0x000fffff]
[    0.000000] e820: [mem 0x40000000-0xfebfffff] available for PCI devices
[    0.000000] Booting paravirtualized kernel on KVM
[    0.000000] clocksource: refined-jiffies: mask: 0xffffffff max_cycles: 0xffffffff, max_idle_ns: 7645519600211568 ns
[    0.000000] setup_percpu: NR_CPUS:512 nr_cpumask_bits:512 nr_cpu_ids:2 nr_node_ids:1
[    0.000000] PERCPU: Embedded 33 pages/cpu @ffff88003fc00000 s95192 r8192 d31784 u1048576
[    0.000000] Built 1 zonelists in Node order, mobility grouping on.  Total pages: 257912
[    0.000000] Policy zone: DMA32
[    0.000000] Kernel command line: BOOT_IMAGE=/boot/vmlinuz-4.4.0-210-generic root=LABEL=cloudimg-rootfs ro console=tty1 console=ttyS0
[    0.000000] PID hash table entries: 4096 (order: 3, 32768 bytes)
[    0.000000] Memory: 997792K/1048120K available (8644K kernel code, 1332K rwdata, 4044K rodata, 1492K init, 1164K bss, 50328K reserved, 0K cma-reserved)
[    0.000000] SLUB: HWalign=64, Order=0-3, MinObjects=0, CPUs=2, Nodes=1
[    0.000000] Kernel/User page tables isolation: enabled
[    0.000000] Hierarchical RCU implementation.
[    0.000000] 	Build-time adjustment of leaf fanout to 64.
[    0.000000] 	RCU restricting CPUs from NR_CPUS=512 to nr_cpu_ids=2.
[    0.000000] RCU: Adjusting geometry for rcu_fanout_leaf=64, nr_cpu_ids=2
[    0.000000] NR_IRQS:33024 nr_irqs:440 16
[    0.000000] Console: colour VGA+ 80x25
[    0.000000] console [tty1] enabled
[    0.000000] console [ttyS0] enabled
[    0.000000] tsc: Detected 2299.998 MHz processor
[    1.303904] Calibrating delay loop (skipped) preset value.. 4599.99 BogoMIPS (lpj=9199992)
[    1.334626] pid_max: default: 32768 minimum: 301
[    1.337771] ACPI: Core revision 20150930
[    1.340797] ACPI: 2 ACPI AML tables successfully acquired and loaded
[    1.360626] Security Framework initialized
[    1.366576] Yama: becoming mindful.
[    1.368934] AppArmor: AppArmor initialized
[    1.373202] Dentry cache hash table entries: 131072 (order: 8, 1048576 bytes)
[    1.439952] Inode-cache hash table entries: 65536 (order: 7, 524288 bytes)
[    1.466747] Mount-cache hash table entries: 2048 (order: 2, 16384 bytes)
[    1.499339] Mountpoint-cache hash table entries: 2048 (order: 2, 16384 bytes)
[    1.523120] Initializing cgroup subsys io
[    1.536948] Initializing cgroup subsys memory
[    1.558238] Initializing cgroup subsys devices
[    1.570211] Initializing cgroup subsys freezer
[    1.578303] Initializing cgroup subsys net_cls
[    1.599882] Initializing cgroup subsys perf_event
[    1.605289] Initializing cgroup subsys net_prio
[    1.619978] Initializing cgroup subsys hugetlb
[    1.627164] Initializing cgroup subsys pids
[    1.638841] mce: CPU supports 0 MCE banks
[    1.645831] Last level iTLB entries: 4KB 1024, 2MB 1024, 4MB 1024
[    1.672918] Last level dTLB entries: 4KB 1024, 2MB 1024, 4MB 1024, 1GB 4
[    1.702099] Spectre V1 : Mitigation: usercopy/swapgs barriers and __user pointer sanitization
[    1.712867] Spectre V2 : Mitigation: Full generic retpoline
[    1.730248] Spectre V2 : Spectre v2 / SpectreRSB mitigation: Filling RSB on context switch
[    1.737796] Speculative Store Bypass: Vulnerable
[    1.744514] SRBDS: Unknown: Dependent on hypervisor status
[    1.760015] MDS: Mitigation: Clear CPU buffers
[    1.778435] Freeing SMP alternatives memory: 36K
[    1.828798] ftrace: allocating 32380 entries in 127 pages
[    1.975320] smpboot: APIC(0) Converting physical 0 to logical package 0
[    1.981183] smpboot: Max logical packages: 1
[    2.005336] x2apic enabled
[    2.042729] Switched APIC routing to physical x2apic.
[    2.145305] ..TIMER: vector=0x30 apic1=0 pin1=2 apic2=-1 pin2=-1
[    2.307470] smpboot: CPU0: Intel(R) Core(TM) i7-4650U CPU @ 1.70GHz (family: 0x6, model: 0x45, stepping: 0x1)
[    2.395172] Performance Events: unsupported p6 CPU model 69 no PMU driver, software events only.
[    2.527724] KVM setup paravirtual spinlock
[    2.577321] x86: Booting SMP configuration:
[    2.610584] .... node  #0, CPUs:      #1
[    2.662311] kvm-clock: cpu 1, msr 0:3ffe3041, secondary cpu clock
[    2.710694] mce: CPU supports 0 MCE banks
[    2.766053] x86: Booted up 1 node, 2 CPUs
[    2.776582] smpboot: Total of 2 processors activated (9199.99 BogoMIPS)
[    2.826964] devtmpfs: initialized
[    2.845561] evm: security.selinux
[    2.859493] evm: security.SMACK64
[    2.876221] evm: security.SMACK64EXEC
[    3.022372] evm: security.SMACK64TRANSMUTE
[    3.043547] evm: security.SMACK64MMAP
[    3.105234] evm: security.ima
[    3.122987] evm: security.capability
[    3.142069] clocksource: jiffies: mask: 0xffffffff max_cycles: 0xffffffff, max_idle_ns: 7645041785100000 ns
[    3.226556] futex hash table entries: 512 (order: 3, 32768 bytes)
[    3.264287] pinctrl core: initialized pinctrl subsystem
[    3.304242] RTC time: 15:33:19, date: 11/29/21
[    3.336625] NET: Registered protocol family 16
[    3.378048] cpuidle: using governor ladder
[    3.474031] cpuidle: using governor menu
[    3.514028] PCCT header not found.
[    3.535819] ACPI: bus type PCI registered
[    3.544067] acpiphp: ACPI Hot Plug PCI Controller Driver version: 0.5
[    3.550514] PCI: Using configuration type 1 for base access
[    3.604312] ACPI: Added _OSI(Module Device)
[    3.611802] ACPI: Added _OSI(Processor Device)
[    3.618087] ACPI: Added _OSI(3.0 _SCP Extensions)
[    3.631973] ACPI: Added _OSI(Processor Aggregator Device)
[    3.642820] ACPI: Executed 1 blocks of module-level executable AML code
[    3.672136] ACPI: Interpreter enabled
[    3.679408] ACPI: (supports S0 S5)
[    3.681260] ACPI: Using IOAPIC for interrupt routing
[    3.698951] PCI: Using host bridge windows from ACPI; if necessary, use "pci=nocrs" and report a bug
[    3.745518] ACPI: PCI Root Bridge [PCI0] (domain 0000 [bus 00-ff])
[    3.765362] acpi PNP0A03:00: _OSC: OS supports [ASPM ClockPM Segments MSI]
[    3.774975] acpi PNP0A03:00: _OSC: not requesting OS control; OS requires [ExtendedConfig ASPM ClockPM MSI]
[    3.838356] acpi PNP0A03:00: fail to add MMCONFIG information, can't access extended PCI configuration space under this bridge.
[    3.855381] PCI host bridge to bus 0000:00
[    3.883613] pci_bus 0000:00: root bus resource [io  0x0000-0x0cf7 window]
[    3.935372] pci_bus 0000:00: root bus resource [io  0x0d00-0xffff window]
[    3.944827] pci_bus 0000:00: root bus resource [mem 0x000a0000-0x000bffff window]
[    3.971838] pci_bus 0000:00: root bus resource [mem 0x40000000-0xfdffffff window]
[    3.983086] pci_bus 0000:00: root bus resource [bus 00-ff]
[    4.013979] pci 0000:00:01.1: legacy IDE quirk: reg 0x10: [io  0x01f0-0x01f7]
[    4.040277] pci 0000:00:01.1: legacy IDE quirk: reg 0x14: [io  0x03f6]
[    4.063106] pci 0000:00:01.1: legacy IDE quirk: reg 0x18: [io  0x0170-0x0177]
[    4.199155] pci 0000:00:01.1: legacy IDE quirk: reg 0x1c: [io  0x0376]
[    4.312660] pci 0000:00:07.0: quirk: [io  0x4000-0x403f] claimed by PIIX4 ACPI
[    4.331922] pci 0000:00:07.0: quirk: [io  0x4100-0x410f] claimed by PIIX4 SMB
[    4.368140] ACPI: PCI Interrupt Link [LNKA] (IRQs 5 9 10 *11)
[    4.408358] ACPI: PCI Interrupt Link [LNKB] (IRQs 5 9 *10 11)
[    4.430036] ACPI: PCI Interrupt Link [LNKC] (IRQs 5 *9 10 11)
[    4.480865] ACPI: PCI Interrupt Link [LNKD] (IRQs 5 9 10 *11)
[    4.536570] ACPI: Enabled 2 GPEs in block 00 to 07
[    4.604080] vgaarb: setting as boot device: PCI:0000:00:02.0
[    4.635573] vgaarb: device added: PCI:0000:00:02.0,decodes=io+mem,owns=io+mem,locks=none
[    4.663750] vgaarb: loaded
[    4.668476] vgaarb: bridge control possible 0000:00:02.0
[    4.712469] SCSI subsystem initialized
[    4.728223] ACPI: bus type USB registered
[    4.736593] usbcore: registered new interface driver usbfs
[    4.750533] usbcore: registered new interface driver hub
[    4.783717] usbcore: registered new device driver usb
[    4.814226] PCI: Using ACPI for IRQ routing
[    4.828022] NetLabel: Initializing
[    4.832888] NetLabel:  domain hash size = 128
[    4.841111] NetLabel:  protocols = UNLABELED CIPSOv4
[    4.853973] NetLabel:  unlabeled traffic allowed by default
[    4.862875] amd_nb: Cannot enumerate AMD northbridges
[    4.870021] clocksource: Switched to clocksource kvm-clock
[    4.916498] AppArmor: AppArmor Filesystem Enabled
[    4.933973] pnp: PnP ACPI init
[    4.967307] pnp: PnP ACPI: found 3 devices
[    5.037779] clocksource: acpi_pm: mask: 0xffffff max_cycles: 0xffffff, max_idle_ns: 2085701024 ns
[    5.096708] NET: Registered protocol family 2
[    5.103717] TCP established hash table entries: 8192 (order: 4, 65536 bytes)
[    5.118559] TCP bind hash table entries: 8192 (order: 5, 131072 bytes)
[    5.133866] TCP: Hash tables configured (established 8192 bind 8192)
[    5.144311] UDP hash table entries: 512 (order: 2, 16384 bytes)
[    5.166737] UDP-Lite hash table entries: 512 (order: 2, 16384 bytes)
[    5.171407] NET: Registered protocol family 1
[    5.200395] pci 0000:00:00.0: Limiting direct PCI/PCI transfers
[    5.230320] pci 0000:00:01.0: Activating ISA DMA hang workarounds
[    5.234990] Unpacking initramfs...
[    5.940500] Freeing initrd memory: 14888K
[    5.953522] RAPL PMU detected, API unit is 2^-32 Joules, 4 fixed counters 10737418240 ms ovfl timer
[    6.004088] hw unit of domain pp0-core 2^-0 Joules
[    6.035432] hw unit of domain package 2^-0 Joules
[    6.046667] hw unit of domain dram 2^-0 Joules
[    6.066967] hw unit of domain pp1-gpu 2^-0 Joules
[    6.078184] clocksource: tsc: mask: 0xffffffffffffffff max_cycles: 0x212733415c7, max_idle_ns: 440795236380 ns
[    6.100090] platform rtc_cmos: registered platform RTC device (no PNP device found)
[    6.108644] Scanning for low memory corruption every 60 seconds
[    6.140297] audit: initializing netlink subsys (disabled)
[    6.153342] audit: type=2000 audit(1638200010.488:1): initialized
[    6.167740] Initialise system trusted keyring
[    6.172569] HugeTLB registered 2 MB page size, pre-allocated 0 pages
[    6.232446] zbud: loaded
[    6.248674] VFS: Disk quotas dquot_6.6.0
[    6.266481] VFS: Dquot-cache hash table entries: 512 (order 0, 4096 bytes)
[    6.316673] squashfs: version 4.0 (2009/01/31) Phillip Lougher
[    6.424336] fuse init (API version 7.23)
[    6.472411] Key type big_key registered
[    6.480221] Allocating IMA MOK and blacklist keyrings.
[    6.522533] Key type asymmetric registered
[    6.535173] Asymmetric key parser 'x509' registered
[    6.539631] Block layer SCSI generic (bsg) driver version 0.4 loaded (major 249)
[    6.554794] io scheduler noop registered
[    6.562275] io scheduler deadline registered (default)
[    6.568423] io scheduler cfq registered
[    6.573896] pci_hotplug: PCI Hot Plug PCI Core version: 0.5
[    6.606472] pciehp: PCI Express Hot Plug Controller Driver version: 0.4
[    6.633674] ACPI: AC Adapter [AC] (on-line)
[    6.645724] input: Power Button as /devices/LNXSYSTM:00/LNXPWRBN:00/input/input0
[    6.682945] ACPI: Power Button [PWRF]
[    6.704368] input: Sleep Button as /devices/LNXSYSTM:00/LNXSLPBN:00/input/input1
[    6.724338] ACPI: Sleep Button [SLPF]
[    6.749666] GHES: HEST is not enabled!
[    6.754642] ACPI: Battery Slot [BAT0] (battery present)
[    6.782843] Serial: 8250/16550 driver, 32 ports, IRQ sharing enabled
[    6.835669] 00:02: ttyS0 at I/O 0x3f8 (irq = 4, base_baud = 115200) is a 16550A
[    6.868595] Linux agpgart interface v0.103
[    6.892119] loop: module loaded
[    6.898814] scsi host0: ata_piix
[    6.902830] scsi host1: ata_piix
[    6.906674] ata1: PATA max UDMA/33 cmd 0x1f0 ctl 0x3f6 bmdma 0xd000 irq 14
[    6.917056] ata2: PATA max UDMA/33 cmd 0x170 ctl 0x376 bmdma 0xd008 irq 15
[    6.938474] libphy: Fixed MDIO Bus: probed
[    6.944483] tun: Universal TUN/TAP device driver, 1.6
[    6.965319] tun: (C) 1999-2004 Max Krasnyansky <maxk@qualcomm.com>
[    6.972534] PPP generic driver version 2.4.2
[    6.977150] ehci_hcd: USB 2.0 'Enhanced' Host Controller (EHCI) Driver
[    7.039219] ehci-pci: EHCI PCI platform driver
[    7.061097] ehci-platform: EHCI generic platform driver
[    7.076410] ohci_hcd: USB 1.1 'Open' Host Controller (OHCI) Driver
[    7.092571] ohci-pci: OHCI PCI platform driver
[    7.107400] ohci-platform: OHCI generic platform driver
[    7.139967] uhci_hcd: USB Universal Host Controller Interface driver
[    7.155855] i8042: PNP: PS/2 Controller [PNP0303:PS2K,PNP0f03:PS2M] at 0x60,0x64 irq 1,12
[    7.177028] serio: i8042 KBD port at 0x60,0x64 irq 1
[    7.205069] serio: i8042 AUX port at 0x60,0x64 irq 12
[    7.230651] mousedev: PS/2 mouse device common for all mice
[    7.242257] input: AT Translated Set 2 keyboard as /devices/platform/i8042/serio0/input/input2
[    7.252870] rtc_cmos rtc_cmos: rtc core: registered rtc_cmos as rtc0
[    7.253021] rtc_cmos rtc_cmos: alarms up to one day, 114 bytes nvram
[    7.253034] i2c /dev entries driver
[    7.253124] device-mapper: uevent: version 1.0.3
[    7.253211] device-mapper: ioctl: 4.34.0-ioctl (2015-10-28) initialised: dm-devel@redhat.com
[    7.253240] ledtrig-cpu: registered to indicate activity on CPUs
[    7.257711] NET: Registered protocol family 10
[    7.258243] NET: Registered protocol family 17
[    7.258263] Key type dns_resolver registered
[    7.260429] registered taskstats version 1
[    7.260447] Loading compiled-in X.509 certificates
[    7.263194] Loaded X.509 cert 'Build time autogenerated kernel key: cf00e047681d67edb2720680708b7d9498083038'
[    7.263278] zswap: loaded using pool lzo/zbud
[    7.317009] Key type trusted registered
[    7.334844] Key type encrypted registered
[    7.334855] AppArmor: AppArmor sha1 policy hashing enabled
[    7.334858] ima: No TPM chip found, activating TPM-bypass!
[    7.334871] ima: Allocated hash algorithm: sha1
[    7.334889] evm: HMAC attrs: 0x1
[    7.336694]   Magic number: 13:830:589
[    7.371965] rtc_cmos rtc_cmos: setting system clock to 2021-11-29 15:33:23 UTC (1638200003)
[    7.372178] BIOS EDD facility v0.16 2004-Jun-25, 0 devices found
[    7.372179] EDD information not available.
[    7.768995] Freeing unused kernel memory: 1492K
[    7.782692] Write protecting the kernel read-only data: 14336k
[    7.801660] Freeing unused kernel memory: 1584K
[    7.808614] Freeing unused kernel memory: 52K
Loading, please wait...
starting version 229
[    7.872414] random: systemd-udevd: uninitialized urandom read (16 bytes read, 3 bits of entropy available)
[    7.875316] random: udevadm: uninitialized urandom read (16 bytes read, 3 bits of entropy available)
[    7.875343] random: udevadm: uninitialized urandom read (16 bytes read, 3 bits of entropy available)
[    8.108949] random: systemd-udevd: uninitialized urandom read (16 bytes read, 3 bits of entropy available)
[    8.110383] random: udevadm: uninitialized urandom read (16 bytes read, 3 bits of entropy available)
[    8.110456] random: udevadm: uninitialized urandom read (16 bytes read, 3 bits of entropy available)
[    8.110670] random: udevadm: uninitialized urandom read (16 bytes read, 3 bits of entropy available)
[    8.110752] random: udevadm: uninitialized urandom read (16 bytes read, 3 bits of entropy available)
[    8.110829] random: udevadm: uninitialized urandom read (16 bytes read, 3 bits of entropy available)
[    8.110909] random: udevadm: uninitialized urandom read (16 bytes read, 3 bits of entropy available)
[    8.930916] e1000: Intel(R) PRO/1000 Network Driver - version 7.3.21-k8-NAPI
[    8.946858] e1000: Copyright (c) 1999-2006 Intel Corporation.
[    8.996455] Fusion MPT base driver 3.04.20
[    9.004560] Copyright (c) 1999-2008 LSI Corporation
[    9.299374] AVX2 version of gcm_enc/dec engaged.
[    9.308780] AES CTR mode by8 optimization enabled
[    9.370854] Fusion MPT SPI Host driver 3.04.20
[    9.625631] input: ImExPS/2 Generic Explorer Mouse as /devices/platform/i8042/serio1/input/input4
[   11.894827] e1000 0000:00:03.0 eth0: (PCI:33MHz:32-bit) 02:be:82:6b:cc:1d
[   11.921341] e1000 0000:00:03.0 eth0: Intel(R) PRO/1000 Network Connection
[   11.979519] e1000 0000:00:03.0 enp0s3: renamed from eth0
[   11.980251] mptbase: ioc0: Initiating bringup
[   12.099751] ioc0: LSI53C1030 A0: Capabilities={Initiator}
[   14.243621] scsi host2: ioc0: LSI53C1030 A0, FwRev=00000000h, Ports=1, MaxQ=256, IRQ=20
[   15.512454] scsi 2:0:0:0: Direct-Access     VBOX     HARDDISK         1.0  PQ: 0 ANSI: 5
[   15.517891] scsi target2:0:0: Beginning Domain Validation
[   15.525310] scsi target2:0:0: Domain Validation skipping write tests
[   15.542047] scsi target2:0:0: Ending Domain Validation
[   15.570852] scsi target2:0:0: asynchronous
[   15.578747] scsi 2:0:1:0: Direct-Access     VBOX     HARDDISK         1.0  PQ: 0 ANSI: 5
[   15.587138] scsi target2:0:1: Beginning Domain Validation
[   15.597859] scsi target2:0:1: Domain Validation skipping write tests
[   15.610097] scsi target2:0:1: Ending Domain Validation
[   15.615242] scsi target2:0:1: asynchronous
[   15.679233] sd 2:0:0:0: Attached scsi generic sg0 type 0
[   15.690728] sd 2:0:1:0: Attached scsi generic sg1 type 0
[   15.714903] sd 2:0:1:0: [sdb] 20480 512-byte logical blocks: (10.5 MB/10.0 MiB)
[   15.715237] sd 2:0:1:0: [sdb] Write Protect is off
[   15.715482] sd 2:0:1:0: [sdb] Incomplete mode parameter data
[   15.715484] sd 2:0:1:0: [sdb] Assuming drive cache: write through
[   15.715711] sd 2:0:0:0: [sda] 83886080 512-byte logical blocks: (42.9 GB/40.0 GiB)
[   15.719657] sd 2:0:0:0: [sda] Write Protect is off
[   15.720047] sd 2:0:0:0: [sda] Incomplete mode parameter data
[   15.720049] sd 2:0:0:0: [sda] Assuming drive cache: write through
[   15.758729]  sda: sda1
[   15.781590] sd 2:0:0:0: [sda] Attached SCSI disk
[   15.781756] sd 2:0:1:0: [sdb] Attached SCSI disk
Begin: Loading essential drivers ... [   18.026482] md: linear personality registered for level -1
[   18.051422] md: multipath personality registered for level -4
[   18.082387] md: raid0 personality registered for level 0
[   18.104843] md: raid1 personality registered for level 1
[   18.210068] raid6: sse2x1   gen()  1375 MB/s
[   18.282540] raid6: sse2x1   xor()  1090 MB/s
[   18.362575] raid6: sse2x2   gen()  1223 MB/s
[   18.446357] raid6: sse2x2   xor()   378 MB/s
[   18.519314] raid6: sse2x4   gen()  1090 MB/s
[   18.614883] raid6: sse2x4   xor()  1523 MB/s
[   18.686252] raid6: avx2x1   gen()  3123 MB/s
[   18.758094] raid6: avx2x2   gen()  6983 MB/s
[   18.838398] raid6: avx2x4   gen()  6791 MB/s
[   18.845610] raid6: using algorithm avx2x2 gen() 6983 MB/s
[   18.854447] raid6: using avx2x2 recovery algorithm
[   18.871377] xor: automatically using best checksumming function:
[   18.924532]    avx       : 14522.000 MB/sec
[   18.946289] async_tx: api initialized (async)
[   19.015364] md: raid6 personality registered for level 6
[   19.019315] md: raid5 personality registered for level 5
[   19.023038] md: raid4 personality registered for level 4
[   19.074524] md: raid10 personality registered for level 10
done.
Begin: Running /scripts/init-premount ... done.
Begin: Mounting root file system ... Begin: Running /scripts/local-top ... done.
Begin: Running /scripts/local-premount ... [   19.238442] Btrfs loaded
Scanning for Btrfs filesystems
done.
Warning: fsck not present, so skipping root file system
[   19.451656] EXT4-fs (sda1): mounted filesystem with ordered data mode. Opts: (null)
done.
Begin: Running /scripts/local-bottom ... done.
Begin: Running /scripts/init-bottom ... done.
[   20.068561] systemd[1]: systemd 229 running in system mode. (+PAM +AUDIT +SELINUX +IMA +APPARMOR +SMACK +SYSVINIT +UTMP +LIBCRYPTSETUP +GCRYPT +GNUTLS +ACL +XZ -LZ4 +SECCOMP +BLKID +ELFUTILS +KMOD -IDN)
[   20.093355] systemd[1]: Detected virtualization oracle.
[   20.103817] systemd[1]: Detected architecture x86-64.

Welcome to [1mUbuntu 16.04.7 LTS[0m!

[   20.125743] systemd[1]: Set hostname to <ubuntu>.
[   20.147547] systemd[1]: Initializing machine ID from random generator.
[   20.157954] systemd[1]: Installed transient /etc/machine-id file.
[   20.451307] random: nonblocking pool is initialized
[   20.897915] systemd[1]: Started Trigger resolvconf update for networkd DNS.
[[0;32m  OK  [0m] Started Trigger resolvconf update for networkd DNS.
[   20.942202] systemd[1]: Reached target Encrypted Volumes.
[[0;32m  OK  [0m] Reached target Encrypted Volumes.
[   20.959589] systemd[1]: Created slice User and Session Slice.
[[0;32m  OK  [0m] Created slice User and Session Slice.
[   20.988878] systemd[1]: Listening on Syslog Socket.
[[0;32m  OK  [0m] Listening on Syslog Socket.
[   20.994165] systemd[1]: Listening on Journal Audit Socket.
[[0;32m  OK  [0m] Listening on Journal Audit Socket.
[   21.009789] systemd[1]: Reached target Swap.
[[0;32m  OK  [0m] Reached target Swap.
[   21.019385] systemd[1]: Listening on Journal Socket.
[[0;32m  OK  [0m] Listening on Journal Socket.
[   21.027102] systemd[1]: Created slice System Slice.
[[0;32m  OK  [0m] Created slice System Slice.
[   21.042322] systemd[1]: Reached target Slices.
[[0;32m  OK  [0m] Reached target Slices.
[   21.049708] systemd[1]: Listening on udev Control Socket.
[[0;32m  OK  [0m] Listening on udev Control Socket.
[   21.094837] systemd[1]: Starting Load Kernel Modules...
         Starting Load Kernel Modules...
[   21.109752] systemd[1]: Reached target User and Group Name Lookups.
[[0;32m  OK  [0m] Reached target User and Group Name Lookups.
[   21.127371] Loading iSCSI transport class v2.0-870.
[   21.131370] systemd[1]: Created slice system-serial\x2dgetty.slice.
[[0;32m  OK  [0m] Created slice system-serial\x2dgetty.slice.
[   21.147253] systemd[1]: Listening on LVM2 poll daemon socket.
[[0;32m  OK  [0m] Listening on LVM2 poll daemon socket.
[   21.176831] systemd[1]: Mounting Huge Pages File System...
[   21.192528] iscsi: registered transport (tcp)
         Mounting Huge Pages File System...
[   21.210016] systemd[1]: Set up automount Arbitrary Executable File Formats File System Automount Point.
[[0;32m  OK  [0m] Set up automount Arbitrary Executab...ats File System Automount Point.
[   21.228056] systemd[1]: Starting Uncomplicated firewall...
         Starting Uncomplicated firewall...
[   21.254474] systemd[1]: Mounting POSIX Message Queue File System...
         Mounting POSIX Message Queue File System...
[   21.290650] systemd[1]: Listening on udev Kernel Socket.
[[0;32m  OK  [0m] Listening on udev Kernel Socket.
[   21.307480] systemd[1]: Listening on Device-mapper event daemon FIFOs.
[[0;32m  OK  [0m] Listening on Device-mapper event daemon FIFOs.
[   21.346582] systemd[1]: Started Forward Password Requests to Wall Directory Watch.
[[0;32m  OK  [0m] Started Forward Password Requests to Wall Directory Watch.
[   21.422362] systemd[1]: Listening on Journal Socket (/dev/log).
[[0;32m  OK  [0m] Listening on Journal Socket (/dev/log).
[   21.497198] iscsi: registered transport (iser)
[   21.546677] systemd[1]: Starting Journal Service...
         Starting Journal Service...
[   21.567650] systemd[1]: Listening on fsck to fsckd communication Socket.
[[0;32m  OK  [0m] Listening on fsck to fsckd communication Socket.
[   21.595653] systemd[1]: Starting File System Check on Root Device...
         Starting File System Check on Root Device...
[   21.627991] systemd[1]: Listening on /dev/initctl Compatibility Named Pipe.
[[0;32m  OK  [0m] Listening on /dev/initctl Compatibility Named Pipe.
[   21.675111] systemd[1]: Listening on LVM2 metadata daemon socket.
[[0;32m  OK  [0m] Listening on LVM2 metadata daemon socket.
[   21.759253] systemd[1]: Starting Set console keymap...
         Starting Set console keymap...
[   21.826901] systemd[1]: Starting Nameserver information manager...
         Starting Nameserver information manager...
[   21.927744] systemd[1]: Starting Create list of required static device nodes for the current kernel...
         Starting Create list of required st... nodes for the current kernel...
[   22.021493] systemd[1]: Mounting Debug File System...
         Mounting Debug File System...
[   22.080595] systemd[1]: Starting Monitoring of LVM2 mirrors, snapshots etc. using dmeventd or progress polling...
         Starting Monitoring of LVM2 mirrors... dmeventd or progress polling...
[   22.146537] systemd[1]: Reached target System Time Synchronized.
[[0;32m  OK  [0m] Reached target System Time Synchronized.
[   22.631403] systemd[1]: Mounted Huge Pages File System.
[[0;32m  OK  [0m] Mounted Huge Pages File System.
[   22.686825] systemd[1]: Mounted POSIX Message Queue File System.
[[0;32m  OK  [0m] Mounted POSIX Message Queue File System.
[   22.718817] systemd[1]: Mounted Debug File System.
[[0;32m  OK  [0m] Mounted Debug File System.
[   22.780435] systemd[1]: Started Journal Service.
[[0;32m  OK  [0m] Started Journal Service.
[[0;32m  OK  [0m] Started Load Kernel Modules.
[[0;32m  OK  [0m] Started Uncomplicated firewall.
[[0;32m  OK  [0m] Started File System Check on Root Device.
[[0;32m  OK  [0m] Started Set console keymap.
[[0;32m  OK  [0m] Started Create list of required sta...ce nodes for the current kernel.
[[0;32m  OK  [0m] Started Nameserver information manager.
[[0;32m  OK  [0m] Started File System Check Daemon to report status.
[[0;32m  OK  [0m] Started LVM2 metadata daemon.
         Starting Create Static Device Nodes in /dev...
         Starting Remount Root and Kernel File Systems...
         Mounting FUSE Control File System...
         Starting Apply Kernel Variables...
[[0;32m  OK  [0m] Mounted FUSE Control File System.
[   23.190372] EXT4-fs (sda1): re-mounted. Opts: (null)
[[0;32m  OK  [0m] Started Create Static Device Nodes in /dev.
[[0;32m  OK  [0m] Started Remount Root and Kernel File Systems.
[[0;32m  OK  [0m] Started Apply Kernel Variables.
         Starting udev Coldplug all Devices...
         Starting Flush Journal to Persistent Storage...
         Starting Load/Save Random Seed...
         Starting udev Kernel Device Manager...
[[0;32m  OK  [0m] Started Monitoring of LVM2 mirrors,...ng dmeventd or progress polling.
[[0;32m  OK  [0m] Reached target Local File Systems (Pre).
[[0;32m  OK  [0m] Reached target Local File Systems.
         Starting Set console font and keymap...
         Starting Commit a transient machine-id on disk...
         Starting LSB: AppArmor initialization...
         Starting Initial cloud-init job (pre-networking)...
         Starting Tell Plymouth To Write Out Runtime Data...
[[0;32m  OK  [0m] Started Load/Save Random Seed.
[[0;32m  OK  [0m] Started Commit a transient machine-id on disk.
[[0;32m  OK  [0m] Started Tell Plymouth To Write Out Runtime Data.
[[0;32m  OK  [0m] Started Flush Journal to Persistent Storage.
         Starting Create Volatile Files and Directories...
[[0;32m  OK  [0m] Started udev Kernel Device Manager.
[[0;32m  OK  [0m] Started Create Volatile Files and Directories.
[[0;32m  OK  [0m] Started udev Coldplug all Devices.
[[0;32m  OK  [0m] Started Dispatch Password Requests to Console Directory Watch.
         Starting Update UTMP about System Boot/Shutdown...
[[0;32m  OK  [0m] Started Update UTMP about System Boot/Shutdown.
[[0;32m  OK  [0m] Found device /dev/ttyS0.
[[0;32m  OK  [0m] Listening on Load/Save RF Kill Switch Status /dev/rfkill Watch.
[[0;32m  OK  [0m] Started Set console font and keymap.
[[0;32m  OK  [0m] Created slice system-getty.slice.
[[0;32m  OK  [0m] Started LSB: AppArmor initialization.
         Starting Load AppArmor profiles managed internally by snapd...
[[0;32m  OK  [0m] Started Load AppArmor profiles managed internally by snapd.
[   33.550806] cloud-init[492]: Cloud-init v. 21.1-19-gbad84ad4-0ubuntu1~16.04.2 running 'init-local' at Mon, 29 Nov 2021 15:33:51 +0000. Up 31.46 seconds.
[[0;32m  OK  [0m] Started Initial cloud-init job (pre-networking).
[[0;32m  OK  [0m] Reached target Network (Pre).
         Starting Raise network interfaces...
[[0;32m  OK  [0m] Started Raise network interfaces.
[[0;32m  OK  [0m] Reached target Network.
         Starting Initial cloud-init job (metadata service crawler)...
[   44.786004] cloud-init[948]: Cloud-init v. 21.1-19-gbad84ad4-0ubuntu1~16.04.2 running 'init' at Mon, 29 Nov 2021 15:33:58 +0000. Up 38.12 seconds.
[   44.798768] cloud-init[948]: ci-info: ++++++++++++++++++++++++++++++++++++++Net device info++++++++++++++++++++++++++++++++++++++
[   44.817079] cloud-init[948]: ci-info: +--------+------+----------------------------+---------------+--------+-------------------+
[   44.848268] cloud-init[948]: ci-info: | Device |  Up  |          Address           |      Mask     | Scope  |     Hw-Address    |
[   44.895957] cloud-init[948]: ci-info: +--------+------+----------------------------+---------------+--------+-------------------+
[   44.928463] cloud-init[948]: ci-info: | enp0s3 | True |         10.0.2.15          | 255.255.255.0 | global | 02:be:82:6b:cc:1d |
[   44.954714] cloud-init[948]: ci-info: | enp0s3 | True | fe80::be:82ff:fe6b:cc1d/64 |       .       |  link  | 02:be:82:6b:cc:1d |
[   44.967726] cloud-init[948]: ci-info: |   lo   | True |         127.0.0.1          |   255.0.0.0   |  host  |         .         |
[   45.007036] cloud-init[948]: ci-info: |   lo   | True |          ::1/128           |       .       |  host  |         .         |
[   45.123775] cloud-init[948]: ci-info: +--------+------+----------------------------+---------------+--------+-------------------+
[   45.145403] cloud-init[948]: ci-info: +++++++++++++++++++++++++++Route IPv4 info++++++++++++++++++++++++++++
[   45.184190] cloud-init[948]: ci-info: +-------+-------------+----------+---------------+-----------+-------+
[   45.201705] cloud-init[948]: ci-info: | Route | Destination | Gateway  |    Genmask    | Interface | Flags |
[   45.214219] cloud-init[948]: ci-info: +-------+-------------+----------+---------------+-----------+-------+
[   45.227209] cloud-init[948]: ci-info: |   0   |   0.0.0.0   | 10.0.2.2 |    0.0.0.0    |   enp0s3  |   UG  |
[   45.242238] cloud-init[948]: ci-info: |   1   |   10.0.2.0  | 0.0.0.0  | 255.255.255.0 |   enp0s3  |   U   |
[   45.273761] cloud-init[948]: ci-info: +-------+-------------+----------+---------------+-----------+-------+
[   45.289822] cloud-init[948]: ci-info: +++++++++++++++++++Route IPv6 info+++++++++++++++++++
[   45.295706] cloud-init[948]: ci-info: +-------+-------------+---------+-----------+-------+
[   45.314772] cloud-init[948]: ci-info: | Route | Destination | Gateway | Interface | Flags |
[   45.325634] cloud-init[948]: ci-info: +-------+-------------+---------+-----------+-------+
[   45.330667] cloud-init[948]: ci-info: |   0   |  fe80::/64  |    ::   |   enp0s3  |   U   |
[   45.348992] cloud-init[948]: ci-info: |   4   |   ff00::/8  |    ::   |   enp0s3  |   U   |
[   45.400597] cloud-init[948]: ci-info: +-------+-------------+---------+-----------+-------+
[   45.419506] cloud-init[948]: Generating public/private rsa key pair.
[   45.435483] cloud-init[948]: Your identification has been saved in /etc/ssh/ssh_host_rsa_key.
[   45.460599] cloud-init[948]: Your public key has been saved in /etc/ssh/ssh_host_rsa_key.pub.
[   45.483452] cloud-init[948]: The key fingerprint is:
[   45.497030] cloud-init[948]: SHA256:cv/+qvyQIhKby3KHJ1txs7f/dXBw8UOpYrpo0qkBalg root@ubuntu-xenial
[   45.503311] cloud-init[948]: The key's randomart image is:
[   45.534091] cloud-init[948]: +---[RSA 2048]----+
[[0;32m  OK  [0m[   45.569865] cloud-init[948]: |               o.|
[   45.597635] cloud-init[948]: |              ..o|
[   45.598613] cloud-init[948]: |              o.o|
[   45.598898] cloud-init[948]: |           o . o.|
] Started Initial cloud-init job (metadata service crawler).
[   45.600711] cloud-init[[0;32m  OK  [0m] Reached target Cloud-config availability.
[[0;32m  OK  [0m] Reached target Network is Online.
[948]: |  E.. o S o . . .|
[   45.642015] cloud-init[948]: |... .+ = = .   o |
         Starting iSCSI initiator daemon (iscsid)...
[   45.653256] cloud-init[948]: |.o  +o+ = *     o|
[[0;32m  OK  [0m] Reached target System Initialization.
[[0;32m  OK  [0m] Listening on D-Bus System Message Bus Socket.
[   45.658004] cloud-init[948]: |. ..+=+* = +   ..|
[   45.700522] cloud-init[948]: |   o+*+   +=*+o  |
[   45.702212] cloud-init[948]: +----[SHA256]-----+
[   45.702376] cloud-init[948]: Generating public/private dsa key pair.
[   45.702763] cloud-init[948]: Your identification has been saved in /etc/ssh/ssh_host_dsa_key.
[   45.702890] cloud-init[948]: Your public key has been saved in /etc/ssh/ssh_host_dsa_key.pub.
[   45.702972] cloud-init[948]: The key fingerprint is:
[   45.703048] cloud-init[948]: SHA256:vqupq84ndeUF/4lwA5bBTcOrgz715xi7dj0PBcsAI0w root@ubuntu-xenial
[   45.703402] cloud-init[948]: The key's randomart image is:
[[0;32m  OK  [0m] Started Ubuntu Advantage update messaging.
[[0;32m  OK  [0m] Started Daily apt download activities.
[[0;32m  OK  [0m] Listening on ACPID Listen Socket.
[   45.703484]          Starting LXD - unix socket.
         Starting Socket activation for snappy daemon.
[[0;32m  OK  [0m] Started Daily apt upgrade and clean activities.
cloud-init[948]: +---[DSA 1024]----+
[[0;32m  OK  [0m] Listening on UUID daemon activation socket.
[[0;32m  OK  [0m] Started Daily Cleanup of Temporary Directories.
[   45.794406] cloud-init[948]: |       +E*=      |
[   45.817373] [cloud-init[0;32m  OK  [0m[948]: ] |        B.o+     |Started ACPI Events Check.

[[0;32m  OK  [0m] Reached target Paths.
[[0;32m  OK  [0m] Started Message of the Day.
[   45.830104] [cloud-init[0;32m  OK  [0m[948]: ] |       . + .. .  |Reached target Timers.

[   45.836444] cloud-init[948]: |        o *  o o |
[   45.864587] cloud-init[948]: |       +S= + .o .|
[   45.869036] cloud-init[948]: |    . o.= . o  . |
[   45.872757] cloud-init[948]: |   . o ..o.  ..  |
[[0;32m  OK  [0m] Listening on LXD - unix socket.
[[0;32m  OK  [0m] Listening on Socket activation for snappy daemon.
[[0;32m  OK  [0m] Started iSCSI initiator daemon (iscsid).
[   45.949386] cloud-init[948]: | .. . o. .o+o o. |
[   46.037334] cloud-init[948]: | .++oooooo+=.  o.|
         Starting Login to default iSCSI targets...
[   46.038733] cloud-init[948]: +----[SHA256]-----+
[   46.054347] cloud-init[948]: Generating public/private ecdsa key pair.
[[0;32m  OK  [0m] Reached target Sockets.
[[   46.054952] [0;32m  OK  [0mcloud-init] [948]: Reached target Basic System.Your identification has been saved in /etc/ssh/ssh_host_ecdsa_key.

[   46.074000] cloud-init[948]: Your public key has been saved in /etc/ssh/ssh_host_ecdsa_key.pub.
[   46.090501] cloud-init[948]: The key fingerprint is:
[   46.097385] cloud-init[948]: SHA256:SPW3a7I7k6uZ+rM+j0YABUU5iX5hjls4Rt/4bk5OtTI root@ubuntu-xenial
         Starting Virtualbox guest utils...
[   46.097870] cloud-init[948]: The key's randomart image is:
[   46.117824] cloud-init[948]: +---[ECDSA 256]---+
[   46.129734] cloud-init[948]: |    .*+o.        |
         Starting LSB: MD monitoring daemon...
[   46.131265] cloud-init[948]: |    + *. .       |
[   46.173666] [[0;32m  OK  [0m] Started D-Bus System Message Bus.
cloud-init[948]: |   o B.=  . .    |
[   46.207872] cloud-init[948]: |    *.B..  . .   |
[   46.219004] cloud-init[948]: |   . =.oS . .    |
[   46.227598] cloud-init[948]: |    .   o. . .   |
[   46.287367] cloud-init[948]: |       oE o.o    |
[   46.300265] cloud-init[948]: |       +**++     |
[   46.307917] cloud-init[948]: |      .B@*==     |
[   46.348020] cloud-init[948]: +----[SHA256]-----+
[   46.354442] cloud-init[948]: Generating public/private ed25519 key pair.
[   46.363092] cloud-init[948]: Your identification has been saved in /etc/ssh/ssh_host_ed25519_key.
[   46.373098] cloud-init[948]: Your public key has been saved in /etc/ssh/ssh_host_ed25519_key.pub.
[   46.407244] cloud-init[948]: The key fingerprint is:
[   46.419618] cloud-init[948]: SHA256:Pptqw9KqqH/T0CbfXpDXf0e56GXg2ibcKGlwDeOt7RE root@ubuntu-xenial
[   46.429256] cloud-init[948]: The key's randomart image is:
[   46.434171] cloud-init[948]: +--[ED25519 256]--+
[   46.438060] cloud-init[948]: |                 |
[   46.438545] [[0;32m  OK  [0m] Started FUSE filesystem for LXC.
cloud-init[948]: |                 |
[   46.498187] cloud-init[948]: |                 |
[[0;32m  OK  [0m] Started Regular background program processing daemon.
[   46.498737] cloud-init[948]: |         + .    .|
[   46.533568] cloud-init[948]: |     .  S *E.. ..|
[   46.537232] cloud-init[948]: |    o oo = oo.o..|
[   46.540595] cloud-init[948]: |     O .= *.oo.+o|
         Starting System Logging Service...
[   46.574153] cloud-init[948]: | .  + B .X ==oo..|
[   46.763095] cloud-init[948]: |+.oo.=.+= oooo   |
[   46.798336] [cloud-init[0;32m  OK  [0m[948]: ] +----[SHA256]-----+Started ACPI event daemon.

         Starting LSB: Record successful boot for GRUB...
         Starting Login Service...
         Starting Pollinate to seed the pseudo random number generator...
         Starting Accounts Service...
[[0;32m  OK  [0m] Started Deferred execution scheduler.
         Starting Snap Daemon...
         Starting /etc/rc.local Compatibility...
         Starting LXD - container startup/shutdown...
[[0;32m  OK  [0m] Started System Logging Service.
[[0;32m  OK  [0m] Started /etc/rc.local Compatibility.
[[0;32m  OK  [0m] Started Login Service.
[[0;32m  OK  [0m] Started Unattended Upgrades Shutdown.
[[0;32m  OK  [0m] Started LSB: MD monitoring daemon.
[[0;32m  OK  [0m] Started Login to default iSCSI targets.
[[0;32m  OK  [0m] Reached target Remote File Systems (Pre).
[[0;32m  OK  [0m] Reached target Remote File Systems.
         Starting LSB: daemon to balance interrupts for SMP systems...
         Starting LSB: automatic crash report generation...
         Starting Permit User Sessions...
         Starting LSB: Set the CPU Frequency Scaling governor to "ondemand"...
[[0;32m  OK  [0m] Started Permit User Sessions.
[[0;32m  OK  [0m] Started LSB: Record successful boot for GRUB.
         Starting Terminate Plymouth Boot Screen...
         Starting Hold until boot process finishes up...
[[0;32m  OK  [0m] Started Terminate Plymouth Boot Screen.
[[0;32m  OK  [0m] Started Hold until boot process finishes up.
[[0;32m  OK  [0m] Started Serial Getty on ttyS0.
[[0;32m  OK  [0m] Started Getty on tty1.
[[0;32m  OK  [0m] Reached target Login Prompts.
         Starting Set console scheme...
[[0;32m  OK  [0m] Started Set console scheme.
[[0;32m  OK  [0m] Started LSB: Set the CPU Frequency Scaling governor to "ondemand".
         Starting Authenticate and Authorize Users to Run Privileged Tasks...
[[0;32m  OK  [0m] Started LSB: automatic crash report generation.
[[0;32m  OK  [0m] Started LSB: daemon to balance interrupts for SMP systems.
[[0;32m  OK  [0m] Started Virtualbox guest utils.
[[0;32m  OK  [0m] Started Authenticate and Authorize Users to Run Privileged Tasks.
[[0;32m  OK  [0m] Started Accounts Service.
[[0;32m  OK  [0m] Started LXD - container startup/shutdown.
[[0;32m  OK  [0m] Started Snap Daemon.
         Starting Wait until snapd is fully seeded...
[[0;32m  OK  [0m] Started Pollinate to seed the pseudo random number generator.
         Starting OpenBSD Secure Shell server...
[[0;32m  OK  [0m] Started OpenBSD Secure Shell server.

Ubuntu 16.04.7 LTS ubuntu-xenial ttyS0

ubuntu-xenial login: [   60.773429] cloud-init[1320]: Generating locales (this might take a while)...
[   69.758490] cloud-init[1320]:   en_US.UTF-8... done
[   69.773005] cloud-init[1320]: Generation complete.
[   73.604432] cloud-init[1320]: Cloud-init v. 21.1-19-gbad84ad4-0ubuntu1~16.04.2 running 'modules:config' at Mon, 29 Nov 2021 15:34:18 +0000. Up 59.01 seconds.
ci-info: no authorized SSH keys fingerprints found for user ubuntu.
<14>Nov 29 15:34:39 ec2: 
<14>Nov 29 15:34:39 ec2: #############################################################
<14>Nov 29 15:34:39 ec2: -----BEGIN SSH HOST KEY FINGERPRINTS-----
<14>Nov 29 15:34:39 ec2: 1024 SHA256:vqupq84ndeUF/4lwA5bBTcOrgz715xi7dj0PBcsAI0w root@ubuntu-xenial (DSA)
<14>Nov 29 15:34:39 ec2: 256 SHA256:SPW3a7I7k6uZ+rM+j0YABUU5iX5hjls4Rt/4bk5OtTI root@ubuntu-xenial (ECDSA)
<14>Nov 29 15:34:39 ec2: 256 SHA256:Pptqw9KqqH/T0CbfXpDXf0e56GXg2ibcKGlwDeOt7RE root@ubuntu-xenial (ED25519)
<14>Nov 29 15:34:39 ec2: 2048 SHA256:cv/+qvyQIhKby3KHJ1txs7f/dXBw8UOpYrpo0qkBalg root@ubuntu-xenial (RSA)
<14>Nov 29 15:34:39 ec2: -----END SSH HOST KEY FINGERPRINTS-----
<14>Nov 29 15:34:39 ec2: #############################################################
-----BEGIN SSH HOST KEY KEYS-----
ecdsa-sha2-nistp256 AAAAE2VjZHNhLXNoYTItbmlzdHAyNTYAAAAIbmlzdHAyNTYAAABBBPwi9LbTBlOJU7OGC0Zjl91z8Wkp5lQ6o6gWVHi1tcf1mn4fesoFa0Hw4YT+u0fT2iKP0C0Mxb4lAEfEl47a6SI= root@ubuntu-xenial
ssh-ed25519 AAAAC3NzaC1lZDI1NTE5AAAAIGXBmqAXAqyep6SQggwFYRWymJiKA9Nj0vjZLqe7ejCB root@ubuntu-xenial
ssh-rsa AAAAB3NzaC1yc2EAAAADAQABAAABAQDWb4Gkl0L4oZtond8lfJQmWqUsR2W7N0WkBRkJRGAL8nSt+RGzBCCu6+QhSCKxkGj94E6TOT4ef+CXMOXTbumR7lDY0zFxbQHxTN4EAcMcJ74vpF7YW/gX1nEuI//YL7l5TX72+xgLw+/yleSkdFPRCziyjhluuC7mG1zzQK2jJJzdUKAjEaoGa0k+QmaZwqaUD4NqU3UQWBSn4yPCWICC1dk3QF0X6XQr4+Q2ZRDJUiykb14JHiyGsmcmOA8ugW9RLv9AMoOwvP4GneYkErMWVWURKb93nv/SRuLUETEUhEs+5f6vttCie3zY1FftYqddwa7wanuZIEyqDye4Y/9f root@ubuntu-xenial
-----END SSH HOST KEY KEYS-----
[   79.566947] cloud-init[1585]: Cloud-init v. 21.1-19-gbad84ad4-0ubuntu1~16.04.2 running 'modules:final' at Mon, 29 Nov 2021 15:34:37 +0000. Up 77.94 seconds.
[   79.567268] cloud-init[1585]: ci-info: no authorized SSH keys fingerprints found for user ubuntu.
[   79.582124] cloud-init[1585]: Cloud-init v. 21.1-19-gbad84ad4-0ubuntu1~16.04.2 finished at Mon, 29 Nov 2021 15:34:39 +0000. Datasource DataSourceNoCloud [seed=/dev/sdb][dsmode=net].  Up 79.49 seconds
